<?xml version="1.0" encoding="UTF-8"?>
<!-- Generated by org.testng.reporters.JUnitXMLReporter -->
<testsuite hostname="WKWIN6186813" ignored="0" name="LoginTest" tests="3" failures="1" timestamp="26 Jun 2019 09:46:58 GMT" time="23.522" errors="0">
  <testcase name="invalidLoginTest_InvalidUserNameInvalidPassword" time="10.591" classname="tests.LoginTests"/>
  <testcase name="invalidLoginTest_EmptyUserEmptyPassword" time="4.3" classname="tests.LoginTests">
    <skipped/>
  </testcase> <!-- invalidLoginTest_EmptyUserEmptyPassword -->
  <testcase name="invalidLoginTest_EmptyUserEmptyPassword" time="3.813" classname="tests.LoginTests">
    <failure type="java.lang.AssertionError" message="expected [Bu alanın doldurulması zorunludur. asda sasd] but found [Bu alanın doldurulması zorunludur.]">
      <![CDATA[java.lang.AssertionError: expected [Bu alanın doldurulması zorunludur. asda sasd] but found [Bu alanın doldurulması zorunludur.]
at pages.LoginPage.verifyLoginPassword(LoginPage.java:43)
at tests.LoginTests.invalidLoginTest_EmptyUserEmptyPassword(LoginTests.java:41)
... Removed 40 stack frames]]>
    </failure>
  </testcase> <!-- invalidLoginTest_EmptyUserEmptyPassword -->
</testsuite> <!-- LoginTest -->
